2025-10-11 00:00:41 [main] INFO  o.e.c.s.ServiceMicroserviceApplicationTests - Starting ServiceMicroserviceApplicationTests using Java 21.0.8 with PID 18148 (started by HP in C:\Users\HP\IdeaProjects\service-microservice)
2025-10-11 00:00:41 [main] DEBUG o.e.c.s.ServiceMicroserviceApplicationTests - Running with Spring Boot v3.3.4, Spring v6.1.13
2025-10-11 00:00:41 [main] INFO  o.e.c.s.ServiceMicroserviceApplicationTests - No active profile set, falling back to 1 default profile: "default"
2025-10-11 00:00:43 [main] INFO  o.s.d.r.c.RepositoryConfigurationDelegate - Bootstrapping Spring Data JPA repositories in DEFAULT mode.
2025-10-11 00:00:43 [main] DEBUG o.s.d.r.c.RepositoryConfigurationDelegate - Scanning for JPA repositories in packages org.example.cuidadodemascotas.servicemicroservice.apis.repository.
2025-10-11 00:00:43 [main] DEBUG o.s.d.r.c.RepositoryComponentProvider - Identified candidate component class: file [C:\Users\HP\IdeaProjects\service-microservice\target\classes\org\example\cuidadodemascotas\servicemicroservice\apis\repository\ServiceRepository.class]
2025-10-11 00:00:43 [main] DEBUG o.s.d.r.c.RepositoryComponentProvider - Identified candidate component class: file [C:\Users\HP\IdeaProjects\service-microservice\target\classes\org\example\cuidadodemascotas\servicemicroservice\apis\repository\ServiceTypeRepository.class]
2025-10-11 00:00:43 [main] INFO  o.s.d.r.c.RepositoryConfigurationDelegate - Finished Spring Data repository scanning in 77 ms. Found 2 JPA repository interfaces.
2025-10-11 00:00:45 [main] INFO  o.h.jpa.internal.util.LogHelper - HHH000204: Processing PersistenceUnitInfo [name: default]
2025-10-11 00:00:45 [main] INFO  org.hibernate.Version - HHH000412: Hibernate ORM core version 6.5.3.Final
2025-10-11 00:00:45 [main] INFO  o.h.c.i.RegionFactoryInitiator - HHH000026: Second-level cache disabled
2025-10-11 00:00:46 [main] INFO  o.s.o.j.p.SpringPersistenceUnitInfo - No LoadTimeWeaver setup: ignoring JPA class transformer
2025-10-11 00:00:46 [main] INFO  com.zaxxer.hikari.HikariDataSource - HikariPool-1 - Starting...
2025-10-11 00:00:51 [main] INFO  com.zaxxer.hikari.pool.HikariPool - HikariPool-1 - Added connection org.postgresql.jdbc.PgConnection@6ae42248
2025-10-11 00:00:51 [main] INFO  com.zaxxer.hikari.HikariDataSource - HikariPool-1 - Start completed.
2025-10-11 00:00:52 [main] WARN  org.hibernate.orm.deprecation - HHH90000025: PostgreSQLDialect does not need to be specified explicitly using 'hibernate.dialect' (remove the property setting and it will be selected by default)
2025-10-11 00:00:55 [main] INFO  o.h.e.t.j.p.i.JtaPlatformInitiator - HHH000489: No JTA platform available (set 'hibernate.transaction.jta.platform' to enable JTA platform integration)
2025-10-11 00:00:55 [main] INFO  o.s.o.j.LocalContainerEntityManagerFactoryBean - Initialized JPA EntityManagerFactory for persistence unit 'default'
2025-10-11 00:00:55 [main] DEBUG o.s.d.j.r.c.JpaMetamodelMappingContextFactoryBean - Initializing JpaMetamodelMappingContext…
2025-10-11 00:00:55 [main] DEBUG o.s.d.j.r.c.JpaMetamodelMappingContextFactoryBean - Finished initializing JpaMetamodelMappingContext
2025-10-11 00:00:55 [main] DEBUG o.s.d.r.c.s.RepositoryFactorySupport - Initializing repository instance for org.example.cuidadodemascotas.servicemicroservice.apis.repository.ServiceRepository…
2025-10-11 00:00:55 [main] INFO  o.s.d.j.r.query.QueryEnhancerFactory - Hibernate is in classpath; If applicable, HQL parser will be used.
2025-10-11 00:00:56 [main] DEBUG o.s.d.j.repository.query.NamedQuery - Did not find named query Service.findByIdAndActiveTrue.count
2025-10-11 00:00:56 [main] DEBUG o.s.d.j.repository.query.NamedQuery - Did not find named query Service.searchByDescription.count
2025-10-11 00:00:57 [main] DEBUG o.s.d.j.repository.query.NamedQuery - Looking up named query Service.findByCarerIdAndActiveTrue
2025-10-11 00:00:57 [main] DEBUG o.s.d.j.repository.query.NamedQuery - Did not find named query Service.findByCarerIdAndActiveTrue
2025-10-11 00:00:57 [main] DEBUG o.s.d.j.repository.query.NamedQuery - Looking up named query Service.findByServiceTypeIdAndActiveTrue
2025-10-11 00:00:57 [main] DEBUG o.s.d.j.repository.query.NamedQuery - Did not find named query Service.findByServiceTypeIdAndActiveTrue
2025-10-11 00:00:57 [main] DEBUG o.s.d.j.repository.query.NamedQuery - Did not find named query Service.findByFilters.count
2025-10-11 00:00:57 [main] DEBUG o.s.d.j.repository.query.NamedQuery - Looking up named query Service.countByActiveTrue
2025-10-11 00:00:57 [main] DEBUG o.s.d.j.repository.query.NamedQuery - Did not find named query Service.countByActiveTrue
2025-10-11 00:00:57 [main] DEBUG o.s.d.j.repository.query.NamedQuery - Looking up named query Service.countByCarerIdAndActiveTrue
2025-10-11 00:00:57 [main] DEBUG o.s.d.j.repository.query.NamedQuery - Did not find named query Service.countByCarerIdAndActiveTrue
2025-10-11 00:00:57 [main] DEBUG o.s.d.j.repository.query.NamedQuery - Looking up named query Service.findByActiveTrue
2025-10-11 00:00:57 [main] DEBUG o.s.d.j.repository.query.NamedQuery - Did not find named query Service.findByActiveTrue
2025-10-11 00:00:57 [main] DEBUG o.s.d.j.repository.query.NamedQuery - Looking up named query Service.findByActiveTrue
2025-10-11 00:00:57 [main] DEBUG o.s.d.j.repository.query.NamedQuery - Did not find named query Service.findByActiveTrue
2025-10-11 00:00:57 [main] DEBUG o.s.d.r.c.s.RepositoryFactorySupport - Finished creation of repository instance for org.example.cuidadodemascotas.servicemicroservice.apis.repository.ServiceRepository.
2025-10-11 00:00:57 [main] DEBUG o.s.d.r.c.s.RepositoryFactorySupport - Initializing repository instance for org.example.cuidadodemascotas.servicemicroservice.apis.repository.ServiceTypeRepository…
2025-10-11 00:00:57 [main] DEBUG o.s.d.j.repository.query.NamedQuery - Looking up named query ServiceType.findAllByOrderByNameAsc
2025-10-11 00:00:57 [main] DEBUG o.s.d.j.repository.query.NamedQuery - Did not find named query ServiceType.findAllByOrderByNameAsc
2025-10-11 00:00:57 [main] DEBUG o.s.d.j.repository.query.NamedQuery - Looking up named query ServiceType.findAllByOrderByNameAsc
2025-10-11 00:00:57 [main] DEBUG o.s.d.j.repository.query.NamedQuery - Did not find named query ServiceType.findAllByOrderByNameAsc
2025-10-11 00:00:57 [main] DEBUG o.s.d.j.repository.query.NamedQuery - Looking up named query ServiceType.existsByNameAndIdNot
2025-10-11 00:00:57 [main] DEBUG o.s.d.j.repository.query.NamedQuery - Did not find named query ServiceType.existsByNameAndIdNot
2025-10-11 00:00:57 [main] DEBUG o.s.d.j.repository.query.NamedQuery - Looking up named query ServiceType.findByNameIgnoreCase
2025-10-11 00:00:57 [main] DEBUG o.s.d.j.repository.query.NamedQuery - Did not find named query ServiceType.findByNameIgnoreCase
2025-10-11 00:00:57 [main] DEBUG o.s.d.j.repository.query.NamedQuery - Looking up named query ServiceType.existsByName
2025-10-11 00:00:57 [main] DEBUG o.s.d.j.repository.query.NamedQuery - Did not find named query ServiceType.existsByName
2025-10-11 00:00:57 [main] DEBUG o.s.d.j.repository.query.NamedQuery - Did not find named query ServiceType.searchByName.count
2025-10-11 00:00:57 [main] DEBUG o.s.d.r.c.s.RepositoryFactorySupport - Finished creation of repository instance for org.example.cuidadodemascotas.servicemicroservice.apis.repository.ServiceTypeRepository.
2025-10-11 00:00:59 [main] INFO  o.e.c.s.ServiceMicroserviceApplicationTests - Started ServiceMicroserviceApplicationTests in 18.904 seconds (process running for 21.077)
2025-10-11 00:01:00 [SpringApplicationShutdownHook] INFO  o.s.o.j.LocalContainerEntityManagerFactoryBean - Closing JPA EntityManagerFactory for persistence unit 'default'
2025-10-11 00:01:00 [SpringApplicationShutdownHook] INFO  com.zaxxer.hikari.HikariDataSource - HikariPool-1 - Shutdown initiated...
2025-10-11 00:01:02 [SpringApplicationShutdownHook] INFO  com.zaxxer.hikari.HikariDataSource - HikariPool-1 - Shutdown completed.
